#
# There is insufficient memory for the Java Runtime Environment to continue.
# Native memory allocation (malloc) failed to allocate 1630736 bytes for Chunk::new
# Possible reasons:
#   The system is out of physical RAM or swap space
#   The process is running with CompressedOops enabled, and the Java Heap may be blocking the growth of the native heap
# Possible solutions:
#   Reduce memory load on the system
#   Increase physical memory or swap space
#   Check if swap backing store is full
#   Decrease Java heap size (-Xmx/-Xms)
#   Decrease number of Java threads
#   Decrease Java thread stack sizes (-Xss)
#   Set larger code cache with -XX:ReservedCodeCacheSize=
#   JVM is running with Zero Based Compressed Oops mode in which the Java heap is
#     placed in the first 32GB address space. The Java Heap base address is the
#     maximum limit for the native heap growth. Please use -XX:HeapBaseMinAddress
#     to set the Java Heap base and to place the Java Heap above 32GB virtual address.
# This output file may be truncated or incomplete.
#
#  Out of Memory Error (allocation.cpp:389), pid=25432, tid=0x000000000000673c
#
# JRE version: Java(TM) SE Runtime Environment (8.0_321-b07) (build 1.8.0_321-b07)
# Java VM: Java HotSpot(TM) 64-Bit Server VM (25.321-b07 mixed mode windows-amd64 compressed oops)
# Failed to write core dump. Minidumps are not enabled by default on client versions of Windows
#

---------------  T H R E A D  ---------------

Current thread (0x00000216809fe000):  JavaThread "C2 CompilerThread0" daemon [_thread_in_native, id=26428, stack(0x000000f2f5800000,0x000000f2f5900000)]

Stack: [0x000000f2f5800000,0x000000f2f5900000]
Native frames: (J=compiled Java code, j=interpreted, Vv=VM code, C=native code)
V  [jvm.dll+0x32fc49]
V  [jvm.dll+0x2761a2]
V  [jvm.dll+0x276e4d]
V  [jvm.dll+0x26d7f5]
V  [jvm.dll+0xd5a0c]
V  [jvm.dll+0xd620c]
V  [jvm.dll+0x4716f5]
V  [jvm.dll+0x438d60]
V  [jvm.dll+0x441d65]
V  [jvm.dll+0x441125]
V  [jvm.dll+0x42becb]
V  [jvm.dll+0xac68b]
V  [jvm.dll+0xaaceb]
V  [jvm.dll+0x23e6f2]
V  [jvm.dll+0x292edc]
C  [ucrtbase.dll+0x21bb2]
C  [KERNEL32.DLL+0x17614]
C  [ntdll.dll+0x526a1]


Current CompileTask:
C2:  30123 4696       4       java.net.URLClassLoader$1::run (5 bytes)


---------------  P R O C E S S  ---------------

Java Threads: ( => current thread )
  0x00000216830d0800 JavaThread "mysql-cj-abandoned-connection-cleanup" daemon [_thread_blocked, id=27404, stack(0x000000f2f6b00000,0x000000f2f6c00000)]
  0x00000216830d4000 JavaThread "http-bio-8080-exec-9" daemon [_thread_in_vm, id=11428, stack(0x000000f2f6a00000,0x000000f2f6b00000)]
  0x00000216830d3800 JavaThread "http-bio-8080-exec-8" daemon [_thread_in_native, id=27696, stack(0x000000f2f6900000,0x000000f2f6a00000)]
  0x00000216830cf000 JavaThread "http-bio-8080-exec-7" daemon [_thread_blocked, id=29044, stack(0x000000f2f6800000,0x000000f2f6900000)]
  0x00000216830cd800 JavaThread "http-bio-8080-exec-6" daemon [_thread_blocked, id=28236, stack(0x000000f2f5f00000,0x000000f2f6000000)]
  0x00000216830cf800 JavaThread "http-bio-8080-exec-5" daemon [_thread_blocked, id=30692, stack(0x000000f2f5e00000,0x000000f2f5f00000)]
  0x0000021689174800 JavaThread "http-bio-8080-exec-4" daemon [_thread_blocked, id=24936, stack(0x000000f2f6700000,0x000000f2f6800000)]
  0x0000021683690000 JavaThread "http-bio-8080-exec-3" daemon [_thread_blocked, id=27104, stack(0x000000f2f6600000,0x000000f2f6700000)]
  0x000002168bb68800 JavaThread "http-bio-8080-exec-2" daemon [_thread_blocked, id=27276, stack(0x000000f2f6500000,0x000000f2f6600000)]
  0x000002168c0fc800 JavaThread "http-bio-8080-exec-1" daemon [_thread_blocked, id=7480, stack(0x000000f2f6400000,0x000000f2f6500000)]
  0x0000021688c0b800 JavaThread "http-bio-8080-AsyncTimeout" daemon [_thread_blocked, id=27936, stack(0x000000f2f6300000,0x000000f2f6400000)]
  0x000002168c323800 JavaThread "http-bio-8080-Acceptor-0" daemon [_thread_in_native, id=30588, stack(0x000000f2f6200000,0x000000f2f6300000)]
  0x0000021688c2a000 JavaThread "ContainerBackgroundProcessor[StandardEngine[Tomcat]]" daemon [_thread_blocked, id=956, stack(0x000000f2f6100000,0x000000f2f6200000)]
  0x0000021688d80800 JavaThread "Thread-3" daemon [_thread_in_native, id=30156, stack(0x000000f2f6000000,0x000000f2f6100000)]
  0x0000021682d37000 JavaThread "Service Thread" daemon [_thread_blocked, id=29624, stack(0x000000f2f5c00000,0x000000f2f5d00000)]
  0x0000021682c8e800 JavaThread "C1 CompilerThread3" daemon [_thread_blocked, id=24268, stack(0x000000f2f5b00000,0x000000f2f5c00000)]
  0x0000021682c8d800 JavaThread "C2 CompilerThread2" daemon [_thread_in_native, id=29000, stack(0x000000f2f5a00000,0x000000f2f5b00000)]
  0x0000021682c89000 JavaThread "C2 CompilerThread1" daemon [_thread_blocked, id=14288, stack(0x000000f2f5900000,0x000000f2f5a00000)]
=>0x00000216809fe000 JavaThread "C2 CompilerThread0" daemon [_thread_in_native, id=26428, stack(0x000000f2f5800000,0x000000f2f5900000)]
  0x0000021682c7d000 JavaThread "Monitor Ctrl-Break" daemon [_thread_in_native, id=21156, stack(0x000000f2f5700000,0x000000f2f5800000)]
  0x00000216809d7000 JavaThread "Attach Listener" daemon [_thread_blocked, id=21924, stack(0x000000f2f5600000,0x000000f2f5700000)]
  0x00000216809c1000 JavaThread "Signal Dispatcher" daemon [_thread_blocked, id=23436, stack(0x000000f2f5500000,0x000000f2f5600000)]
  0x000002168099a800 JavaThread "Finalizer" daemon [_thread_blocked, id=25592, stack(0x000000f2f5400000,0x000000f2f5500000)]
  0x0000021680993000 JavaThread "Reference Handler" daemon [_thread_blocked, id=12196, stack(0x000000f2f5300000,0x000000f2f5400000)]
  0x00000216e5c09800 JavaThread "main" [_thread_blocked, id=8136, stack(0x000000f2f4700000,0x000000f2f4800000)]

Other Threads:
  0x000002168096b000 VMThread [stack: 0x000000f2f5200000,0x000000f2f5300000] [id=5556]
  0x0000021682d87800 WatcherThread [stack: 0x000000f2f5d00000,0x000000f2f5e00000] [id=13608]

VM state:not at safepoint (normal execution)

VM Mutex/Monitor currently owned by a thread: None

heap address: 0x00000006c3800000, size: 4040 MB, Compressed Oops mode: Zero based, Oop shift amount: 3
Narrow klass base: 0x0000000000000000, Narrow klass shift: 3
Compressed class space size: 1073741824 Address: 0x00000007c0000000

Heap:
 PSYoungGen      total 180224K, used 25921K [0x000000076bd80000, 0x0000000778e80000, 0x00000007c0000000)
  eden space 157184K, 1% used [0x000000076bd80000,0x000000076c058398,0x0000000775700000)
  from space 23040K, 99% used [0x0000000775700000,0x0000000776d78290,0x0000000776d80000)
  to   space 19968K, 0% used [0x0000000776d80000,0x0000000776d80000,0x0000000778100000)
 ParOldGen       total 112640K, used 27599K [0x00000006c3800000, 0x00000006ca600000, 0x000000076bd80000)
  object space 112640K, 24% used [0x00000006c3800000,0x00000006c52f3fd8,0x00000006ca600000)
 Metaspace       used 34038K, capacity 34924K, committed 35072K, reserved 1079296K
  class space    used 4014K, capacity 4267K, committed 4352K, reserved 1048576K

Card table byte_map: [0x00000216f69b0000,0x00000216f71a0000] byte_map_base: 0x00000216f3394000

Marking Bits: (ParMarkBitMap*) 0x000000005fb69030
 Begin Bits: [0x00000216f76f0000, 0x00000216fb610000)
 End Bits:   [0x00000216fb610000, 0x00000216ff530000)

Polling page: 0x00000216e5dc0000

CodeCache: size=245760Kb used=13256Kb max_used=15636Kb free=232503Kb
 bounds [0x00000216e75f0000, 0x00000216e8550000, 0x00000216f65f0000]
 total_blobs=4487 nmethods=4011 adapters=388
 compilation: enabled

Compilation events (10 events):
Event: 30.064 Thread 0x0000021682c8e800 nmethod 4757 0x00000216e7897110 code [0x00000216e7897280, 0x00000216e7897550]
Event: 30.066 Thread 0x0000021682c89000 nmethod 4755 0x00000216e7929cd0 code [0x00000216e7929e80, 0x00000216e792a8e8]
Event: 30.076 Thread 0x0000021682c8e800 4758       1       com.mysql.cj.protocol.a.NativePacketPayload::getPosition (5 bytes)
Event: 30.092 Thread 0x0000021682c8e800 nmethod 4758 0x00000216e7a5c250 code [0x00000216e7a5c3a0, 0x00000216e7a5c4b8]
Event: 30.095 Thread 0x0000021682c89000 4759       4       java.lang.ClassLoader::getClassLoadingLock (35 bytes)
Event: 30.097 Thread 0x0000021682c8e800 4760       3       com.mysql.cj.protocol.a.NativePacketPayload::readInteger (662 bytes)
Event: 30.097 Thread 0x0000021682c89000 nmethod 4759 0x00000216e7a5bed0 code [0x00000216e7a5c020, 0x00000216e7a5c148]
Event: 30.098 Thread 0x0000021682c8e800 nmethod 4760 0x00000216e7a48b10 code [0x00000216e7a48d00, 0x00000216e7a497f0]
Event: 30.098 Thread 0x0000021682c89000 4761       4       java.util.concurrent.ConcurrentHashMap::addCount (292 bytes)
Event: 30.100 Thread 0x0000021682c89000 nmethod 4761 0x00000216e7729b50 code [0x00000216e7729cc0, 0x00000216e7729f30]

GC Heap History (10 events):
Event: 3.274 GC heap before
{Heap before GC invocations=6 (full 1):
 PSYoungGen      total 75776K, used 65024K [0x000000076bd80000, 0x0000000775180000, 0x00000007c0000000)
  eden space 65024K, 100% used [0x000000076bd80000,0x000000076fd00000,0x000000076fd00000)
  from space 10752K, 0% used [0x0000000770780000,0x0000000770780000,0x0000000771200000)
  to   space 10752K, 0% used [0x000000076fd00000,0x000000076fd00000,0x0000000770780000)
 ParOldGen       total 112640K, used 12699K [0x00000006c3800000, 0x00000006ca600000, 0x000000076bd80000)
  object space 112640K, 11% used [0x00000006c3800000,0x00000006c4466ee0,0x00000006ca600000)
 Metaspace       used 23959K, capacity 24550K, committed 24704K, reserved 1071104K
  class space    used 2780K, capacity 2928K, committed 2944K, reserved 1048576K
Event: 3.280 GC heap after
Heap after GC invocations=6 (full 1):
 PSYoungGen      total 75776K, used 10724K [0x000000076bd80000, 0x0000000773800000, 0x00000007c0000000)
  eden space 65024K, 0% used [0x000000076bd80000,0x000000076bd80000,0x000000076fd00000)
  from space 10752K, 99% used [0x000000076fd00000,0x0000000770779238,0x0000000770780000)
  to   space 13824K, 0% used [0x0000000772a80000,0x0000000772a80000,0x0000000773800000)
 ParOldGen       total 112640K, used 14093K [0x00000006c3800000, 0x00000006ca600000, 0x000000076bd80000)
  object space 112640K, 12% used [0x00000006c3800000,0x00000006c45c3628,0x00000006ca600000)
 Metaspace       used 23959K, capacity 24550K, committed 24704K, reserved 1071104K
  class space    used 2780K, capacity 2928K, committed 2944K, reserved 1048576K
}
Event: 3.495 GC heap before
{Heap before GC invocations=7 (full 1):
 PSYoungGen      total 75776K, used 75748K [0x000000076bd80000, 0x0000000773800000, 0x00000007c0000000)
  eden space 65024K, 100% used [0x000000076bd80000,0x000000076fd00000,0x000000076fd00000)
  from space 10752K, 99% used [0x000000076fd00000,0x0000000770779238,0x0000000770780000)
  to   space 13824K, 0% used [0x0000000772a80000,0x0000000772a80000,0x0000000773800000)
 ParOldGen       total 112640K, used 14093K [0x00000006c3800000, 0x00000006ca600000, 0x000000076bd80000)
  object space 112640K, 12% used [0x00000006c3800000,0x00000006c45c3628,0x00000006ca600000)
 Metaspace       used 23998K, capacity 24614K, committed 24704K, reserved 1071104K
  class space    used 2780K, capacity 2928K, committed 2944K, reserved 1048576K
Event: 3.503 GC heap after
Heap after GC invocations=7 (full 1):
 PSYoungGen      total 109568K, used 13800K [0x000000076bd80000, 0x0000000774300000, 0x00000007c0000000)
  eden space 95744K, 0% used [0x000000076bd80000,0x000000076bd80000,0x0000000771b00000)
  from space 13824K, 99% used [0x0000000772a80000,0x00000007737fa3c0,0x0000000773800000)
  to   space 15872K, 0% used [0x0000000771b00000,0x0000000771b00000,0x0000000772a80000)
 ParOldGen       total 112640K, used 16345K [0x00000006c3800000, 0x00000006ca600000, 0x000000076bd80000)
  object space 112640K, 14% used [0x00000006c3800000,0x00000006c47f6588,0x00000006ca600000)
 Metaspace       used 23998K, capacity 24614K, committed 24704K, reserved 1071104K
  class space    used 2780K, capacity 2928K, committed 2944K, reserved 1048576K
}
Event: 3.772 GC heap before
{Heap before GC invocations=8 (full 1):
 PSYoungGen      total 109568K, used 109544K [0x000000076bd80000, 0x0000000774300000, 0x00000007c0000000)
  eden space 95744K, 100% used [0x000000076bd80000,0x0000000771b00000,0x0000000771b00000)
  from space 13824K, 99% used [0x0000000772a80000,0x00000007737fa3c0,0x0000000773800000)
  to   space 15872K, 0% used [0x0000000771b00000,0x0000000771b00000,0x0000000772a80000)
 ParOldGen       total 112640K, used 16345K [0x00000006c3800000, 0x00000006ca600000, 0x000000076bd80000)
  object space 112640K, 14% used [0x00000006c3800000,0x00000006c47f6588,0x00000006ca600000)
 Metaspace       used 24021K, capacity 24646K, committed 24832K, reserved 1071104K
  class space    used 2783K, capacity 2960K, committed 3072K, reserved 1048576K
Event: 3.783 GC heap after
Heap after GC invocations=8 (full 1):
 PSYoungGen      total 111616K, used 15852K [0x000000076bd80000, 0x0000000778100000, 0x00000007c0000000)
  eden space 95744K, 0% used [0x000000076bd80000,0x000000076bd80000,0x0000000771b00000)
  from space 15872K, 99% used [0x0000000771b00000,0x0000000772a7b1f8,0x0000000772a80000)
  to   space 19968K, 0% used [0x0000000776d80000,0x0000000776d80000,0x0000000778100000)
 ParOldGen       total 112640K, used 21116K [0x00000006c3800000, 0x00000006ca600000, 0x000000076bd80000)
  object space 112640K, 18% used [0x00000006c3800000,0x00000006c4c9f268,0x00000006ca600000)
 Metaspace       used 24021K, capacity 24646K, committed 24832K, reserved 1071104K
  class space    used 2783K, capacity 2960K, committed 3072K, reserved 1048576K
}
Event: 4.068 GC heap before
{Heap before GC invocations=9 (full 1):
 PSYoungGen      total 111616K, used 111596K [0x000000076bd80000, 0x0000000778100000, 0x00000007c0000000)
  eden space 95744K, 100% used [0x000000076bd80000,0x0000000771b00000,0x0000000771b00000)
  from space 15872K, 99% used [0x0000000771b00000,0x0000000772a7b1f8,0x0000000772a80000)
  to   space 19968K, 0% used [0x0000000776d80000,0x0000000776d80000,0x0000000778100000)
 ParOldGen       total 112640K, used 21116K [0x00000006c3800000, 0x00000006ca600000, 0x000000076bd80000)
  object space 112640K, 18% used [0x00000006c3800000,0x00000006c4c9f268,0x00000006ca600000)
 Metaspace       used 24023K, capacity 24646K, committed 24832K, reserved 1071104K
  class space    used 2783K, capacity 2960K, committed 3072K, reserved 1048576K
Event: 4.088 GC heap after
Heap after GC invocations=9 (full 1):
 PSYoungGen      total 177152K, used 19937K [0x000000076bd80000, 0x0000000778e80000, 0x00000007c0000000)
  eden space 157184K, 0% used [0x000000076bd80000,0x000000076bd80000,0x0000000775700000)
  from space 19968K, 99% used [0x0000000776d80000,0x00000007780f8550,0x0000000778100000)
  to   space 23040K, 0% used [0x0000000775700000,0x0000000775700000,0x0000000776d80000)
 ParOldGen       total 112640K, used 23598K [0x00000006c3800000, 0x00000006ca600000, 0x000000076bd80000)
  object space 112640K, 20% used [0x00000006c3800000,0x00000006c4f0b898,0x00000006ca600000)
 Metaspace       used 24023K, capacity 24646K, committed 24832K, reserved 1071104K
  class space    used 2783K, capacity 2960K, committed 3072K, reserved 1048576K
}
Event: 30.076 GC heap before
{Heap before GC invocations=10 (full 1):
 PSYoungGen      total 177152K, used 177121K [0x000000076bd80000, 0x0000000778e80000, 0x00000007c0000000)
  eden space 157184K, 100% used [0x000000076bd80000,0x0000000775700000,0x0000000775700000)
  from space 19968K, 99% used [0x0000000776d80000,0x00000007780f8550,0x0000000778100000)
  to   space 23040K, 0% used [0x0000000775700000,0x0000000775700000,0x0000000776d80000)
 ParOldGen       total 112640K, used 23598K [0x00000006c3800000, 0x00000006ca600000, 0x000000076bd80000)
  object space 112640K, 20% used [0x00000006c3800000,0x00000006c4f0b898,0x00000006ca600000)
 Metaspace       used 33724K, capacity 34538K, committed 34688K, reserved 1079296K
  class space    used 3979K, capacity 4202K, committed 4224K, reserved 1048576K
Event: 30.092 GC heap after
Heap after GC invocations=10 (full 1):
 PSYoungGen      total 180224K, used 23008K [0x000000076bd80000, 0x0000000778e80000, 0x00000007c0000000)
  eden space 157184K, 0% used [0x000000076bd80000,0x000000076bd80000,0x0000000775700000)
  from space 23040K, 99% used [0x0000000775700000,0x0000000776d78290,0x0000000776d80000)
  to   space 19968K, 0% used [0x0000000776d80000,0x0000000776d80000,0x0000000778100000)
 ParOldGen       total 112640K, used 27599K [0x00000006c3800000, 0x00000006ca600000, 0x000000076bd80000)
  object space 112640K, 24% used [0x00000006c3800000,0x00000006c52f3fd8,0x00000006ca600000)
 Metaspace       used 33724K, capacity 34538K, committed 34688K, reserved 1079296K
  class space    used 3979K, capacity 4202K, committed 4224K, reserved 1048576K
}

Deoptimization events (10 events):
Event: 29.943 Thread 0x00000216830d4000 Uncommon trap: reason=class_check action=maybe_recompile pc=0x00000216e7d55188 method=java.util.Collections$UnmodifiableMap$UnmodifiableEntrySet$UnmodifiableEntry.getValue()Ljava/lang/Object; @ 4
Event: 29.943 Thread 0x00000216830d4000 Uncommon trap: reason=class_check action=maybe_recompile pc=0x00000216e7d676c8 method=java.util.Collections$UnmodifiableMap$UnmodifiableEntrySet$UnmodifiableEntry.getKey()Ljava/lang/Object; @ 4
Event: 29.943 Thread 0x00000216830d4000 Uncommon trap: reason=class_check action=maybe_recompile pc=0x00000216e7d676c8 method=java.util.Collections$UnmodifiableMap$UnmodifiableEntrySet$UnmodifiableEntry.getKey()Ljava/lang/Object; @ 4
Event: 29.943 Thread 0x00000216830d4000 Uncommon trap: reason=class_check action=maybe_recompile pc=0x00000216e7d0add0 method=java.util.Collections$UnmodifiableMap$UnmodifiableEntrySet$1.hasNext()Z @ 4
Event: 29.958 Thread 0x00000216830d4000 Uncommon trap: reason=bimorphic action=maybe_recompile pc=0x00000216e809da20 method=java.util.regex.Pattern$Slice.match(Ljava/util/regex/Matcher;ILjava/lang/CharSequence;)Z @ 75
Event: 29.958 Thread 0x00000216830d4000 Uncommon trap: reason=class_check action=maybe_recompile pc=0x00000216e7ba732c method=java.util.regex.Pattern$7.isSatisfiedBy(I)Z @ 16
Event: 29.959 Thread 0x00000216830d4000 Uncommon trap: reason=class_check action=maybe_recompile pc=0x00000216e7ba732c method=java.util.regex.Pattern$7.isSatisfiedBy(I)Z @ 16
Event: 29.959 Thread 0x00000216830d4000 Uncommon trap: reason=class_check action=maybe_recompile pc=0x00000216e7ba732c method=java.util.regex.Pattern$7.isSatisfiedBy(I)Z @ 16
Event: 29.959 Thread 0x00000216830d4000 Uncommon trap: reason=class_check action=maybe_recompile pc=0x00000216e7ba732c method=java.util.regex.Pattern$7.isSatisfiedBy(I)Z @ 16
Event: 29.969 Thread 0x00000216830d4000 Uncommon trap: reason=unstable_if action=reinterpret pc=0x00000216e7d9ac5c method=java.lang.ThreadLocal$ThreadLocalMap.getEntry(Ljava/lang/ThreadLocal;)Ljava/lang/ThreadLocal$ThreadLocalMap$Entry; @ 29

Classes redefined (0 events):
No events

Internal exceptions (10 events):
Event: 1.686 Thread 0x00000216e5c09800 Implicit null exception at 0x00000216e7c5e8f1 to 0x00000216e7c5fc59
Event: 1.715 Thread 0x00000216e5c09800 Implicit null exception at 0x00000216e79c385b to 0x00000216e79c3cfd
Event: 1.715 Thread 0x00000216e5c09800 Implicit null exception at 0x00000216e7a05755 to 0x00000216e7a05959
Event: 1.715 Thread 0x00000216e5c09800 Implicit null exception at 0x00000216e7a0466f to 0x00000216e7a046d9
Event: 2.684 Thread 0x00000216e5c09800 Exception <a 'java/io/FileNotFoundException'> (0x000000076d091698) thrown at [C:\jenkins\workspace\8-2-build-windows-amd64-cygwin\jdk8u321\2141\hotspot\src\share\vm\prims\jni.cpp, line 710]
Event: 3.024 Thread 0x000002168927f000 Implicit null exception at 0x00000216e780ced9 to 0x00000216e780d299
Event: 3.024 Thread 0x000002168927f000 Implicit null exception at 0x00000216e77ddfd6 to 0x00000216e77de385
Event: 4.386 Thread 0x000002168927f000 Exception <a 'java/lang/NoSuchFieldError': method resolution failed> (0x0000000771218fe0) thrown at [C:\jenkins\workspace\8-2-build-windows-amd64-cygwin\jdk8u321\2141\hotspot\src\share\vm\prims\methodHandles.cpp, line 1169]
Event: 4.387 Thread 0x000002168927f000 Exception <a 'java/lang/NoSuchFieldError': method resolution failed> (0x0000000771226f40) thrown at [C:\jenkins\workspace\8-2-build-windows-amd64-cygwin\jdk8u321\2141\hotspot\src\share\vm\prims\methodHandles.cpp, line 1169]
Event: 4.407 Thread 0x000002168927f000 Exception <a 'java/io/FileNotFoundException'> (0x0000000771436170) thrown at [C:\jenkins\workspace\8-2-build-windows-amd64-cygwin\jdk8u321\2141\hotspot\src\share\vm\prims\jni.cpp, line 710]

Events (10 events):
Event: 30.098 loading class com/mysql/cj/protocol/a/result/ResultsetRowsStatic done
Event: 30.098 loading class com/mysql/cj/protocol/a/result/AbstractResultsetRows
Event: 30.098 loading class com/mysql/cj/protocol/a/result/AbstractResultsetRows done
Event: 30.099 loading class com/mysql/cj/result/StringValueFactory
Event: 30.099 loading class com/mysql/cj/result/StringValueFactory done
Event: 30.099 loading class com/mysql/cj/protocol/InternalDate
Event: 30.099 loading class com/mysql/cj/protocol/InternalDate done
Event: 30.099 loading class com/mysql/cj/protocol/InternalTimestamp
Event: 30.099 loading class com/mysql/cj/protocol/InternalTimestamp done
Event: 30.100 Thread 0x0000021682c89000 flushing nmethod 0x00000216e77b8e50


Dynamic libraries:
0x00007ff796ef0000 - 0x00007ff796f37000 	E:\JDK\bin\java.exe
0x00007ff9f2c10000 - 0x00007ff9f2e08000 	C:\WINDOWS\SYSTEM32\ntdll.dll
0x00007ff9f0d40000 - 0x00007ff9f0dff000 	C:\WINDOWS\System32\KERNEL32.DLL
0x00007ff9f0900000 - 0x00007ff9f0bd2000 	C:\WINDOWS\System32\KERNELBASE.dll
0x00007ff9f2100000 - 0x00007ff9f21ae000 	C:\WINDOWS\System32\ADVAPI32.dll
0x00007ff9f10f0000 - 0x00007ff9f118e000 	C:\WINDOWS\System32\msvcrt.dll
0x00007ff9f1530000 - 0x00007ff9f15cc000 	C:\WINDOWS\System32\sechost.dll
0x00007ff9f2660000 - 0x00007ff9f2785000 	C:\WINDOWS\System32\RPCRT4.dll
0x00007ff9f1eb0000 - 0x00007ff9f2051000 	C:\WINDOWS\System32\USER32.dll
0x00007ff9f0810000 - 0x00007ff9f0832000 	C:\WINDOWS\System32\win32u.dll
0x00007ff9f1010000 - 0x00007ff9f103b000 	C:\WINDOWS\System32\GDI32.dll
0x00007ff9f04a0000 - 0x00007ff9f05af000 	C:\WINDOWS\System32\gdi32full.dll
0x00007ff9f0400000 - 0x00007ff9f049d000 	C:\WINDOWS\System32\msvcp_win.dll
0x00007ff9f0710000 - 0x00007ff9f0810000 	C:\WINDOWS\System32\ucrtbase.dll
0x00007ff9cc5a0000 - 0x00007ff9cc83a000 	C:\WINDOWS\WinSxS\amd64_microsoft.windows.common-controls_6595b64144ccf1df_6.0.19041.1110_none_60b5254171f9507e\COMCTL32.dll
0x00007ff9f2620000 - 0x00007ff9f2652000 	C:\WINDOWS\System32\IMM32.DLL
0x00007ff9dc630000 - 0x00007ff9dc645000 	E:\JDK\jre\bin\vcruntime140.dll
0x00007ff9906e0000 - 0x00007ff99077b000 	E:\JDK\jre\bin\msvcp140.dll
0x000000005f380000 - 0x000000005fbe1000 	E:\JDK\jre\bin\server\jvm.dll
0x00007ff9f0c50000 - 0x00007ff9f0c58000 	C:\WINDOWS\System32\PSAPI.DLL
0x00007ff9e79b0000 - 0x00007ff9e79b9000 	C:\WINDOWS\SYSTEM32\WSOCK32.dll
0x00007ff9d8f90000 - 0x00007ff9d8fb7000 	C:\WINDOWS\SYSTEM32\WINMM.dll
0x00007ff9e7590000 - 0x00007ff9e759a000 	C:\WINDOWS\SYSTEM32\VERSION.dll
0x00007ff9f1390000 - 0x00007ff9f13fb000 	C:\WINDOWS\System32\WS2_32.dll
0x00007ff9eeb10000 - 0x00007ff9eeb22000 	C:\WINDOWS\SYSTEM32\kernel.appcore.dll
0x00007ff9dc620000 - 0x00007ff9dc630000 	E:\JDK\jre\bin\verify.dll
0x00007ff9cd1d0000 - 0x00007ff9cd1fb000 	E:\JDK\jre\bin\java.dll
0x00007ff9def10000 - 0x00007ff9def40000 	E:\JDK\jre\bin\instrument.dll
0x00007ff9cd1b0000 - 0x00007ff9cd1c8000 	E:\JDK\jre\bin\zip.dll
0x00007ff9f1700000 - 0x00007ff9f1e44000 	C:\WINDOWS\System32\SHELL32.dll
0x00007ff9ee360000 - 0x00007ff9eeaf2000 	C:\WINDOWS\SYSTEM32\windows.storage.dll
0x00007ff9f2870000 - 0x00007ff9f2bc5000 	C:\WINDOWS\System32\combase.dll
0x00007ff9efd60000 - 0x00007ff9efd90000 	C:\WINDOWS\SYSTEM32\Wldp.dll
0x00007ff9f1400000 - 0x00007ff9f14ad000 	C:\WINDOWS\System32\SHCORE.dll
0x00007ff9f1e50000 - 0x00007ff9f1ea5000 	C:\WINDOWS\System32\shlwapi.dll
0x00007ff9f0240000 - 0x00007ff9f025f000 	C:\WINDOWS\SYSTEM32\profapi.dll
0x00007ff9c3f60000 - 0x00007ff9c3f7c000 	E:\JDK\jre\bin\net.dll
0x00007ff9efac0000 - 0x00007ff9efb2a000 	C:\WINDOWS\system32\mswsock.dll
0x00007ff9efcb0000 - 0x00007ff9efcc8000 	C:\WINDOWS\SYSTEM32\CRYPTSP.dll
0x00007ff9ef330000 - 0x00007ff9ef364000 	C:\WINDOWS\system32\rsaenh.dll
0x00007ff9f0840000 - 0x00007ff9f0867000 	C:\WINDOWS\System32\bcrypt.dll
0x00007ff9f0200000 - 0x00007ff9f022e000 	C:\WINDOWS\SYSTEM32\USERENV.dll
0x00007ff9f0870000 - 0x00007ff9f08f2000 	C:\WINDOWS\System32\bcryptprimitives.dll
0x00007ff9efcd0000 - 0x00007ff9efcdc000 	C:\WINDOWS\SYSTEM32\CRYPTBASE.dll
0x00007ff9ef730000 - 0x00007ff9ef76b000 	C:\WINDOWS\SYSTEM32\IPHLPAPI.DLL
0x00007ff9f20f0000 - 0x00007ff9f20f8000 	C:\WINDOWS\System32\NSI.dll
0x00007ff9e4f60000 - 0x00007ff9e4f77000 	C:\WINDOWS\SYSTEM32\dhcpcsvc6.DLL
0x00007ff9e4f40000 - 0x00007ff9e4f5d000 	C:\WINDOWS\SYSTEM32\dhcpcsvc.DLL
0x00007ff9ef790000 - 0x00007ff9ef85a000 	C:\WINDOWS\SYSTEM32\DNSAPI.dll
0x00007ff9c3620000 - 0x00007ff9c3633000 	E:\JDK\jre\bin\nio.dll
0x00007ff9e7990000 - 0x00007ff9e799a000 	C:\Users\86182\AppData\Local\Temp\jansi-1.17.1-307160141303619349.dll
0x00007ff9e6870000 - 0x00007ff9e687a000 	C:\Users\86182\AppData\Local\Temp\jansi-1.17.1-7536658850654673834.dll
0x00007ff9e5b60000 - 0x00007ff9e5b6d000 	E:\JDK\jre\bin\management.dll
0x00007ff9e7030000 - 0x00007ff9e703a000 	C:\Windows\System32\rasadhlp.dll
0x00007ff9e0a60000 - 0x00007ff9e0ae0000 	C:\WINDOWS\System32\fwpuclnt.dll
0x00007ff9eaea0000 - 0x00007ff9eb084000 	C:\WINDOWS\SYSTEM32\dbghelp.dll

VM Arguments:
jvm_args: -Dmaven.multiModuleProjectDirectory=D:\Java code\sjk -Dmaven.home=E:\JAVA软件\IntelliJ IDEA 2021.3.1\plugins\maven\lib\maven3 -Dclassworlds.conf=E:\JAVA软件\IntelliJ IDEA 2021.3.1\plugins\maven\lib\maven3\bin\m2.conf -Dmaven.ext.class.path=E:\JAVA软件\IntelliJ IDEA 2021.3.1\plugins\maven\lib\maven-event-listener.jar -javaagent:E:\JAVA软件\IntelliJ IDEA 2021.3.1\lib\idea_rt.jar=63065:E:\JAVA软件\IntelliJ IDEA 2021.3.1\bin -Dfile.encoding=UTF-8 
java_command: org.codehaus.classworlds.Launcher -Didea.version=2021.3.1 tomcat7:run
java_class_path (initial): E:\JAVA软件\IntelliJ IDEA 2021.3.1\plugins\maven\lib\maven3\boot\plexus-classworlds-2.6.0.jar;E:\JAVA软件\IntelliJ IDEA 2021.3.1\plugins\maven\lib\maven3\boot\plexus-classworlds.license;E:\JAVA软件\IntelliJ IDEA 2021.3.1\lib\idea_rt.jar
Launcher Type: SUN_STANDARD

Environment Variables:
JAVA_HOME=E:\JDK
PATH=C:\Program Files\PlasticSCM5\server;C:\Program Files\PlasticSCM5\client;%MYSQL_HOME%\bin;%MYSQL_HOME%;E:\A操作系统\VMware\bin\;E:\JDK\bin;C:\Program Files (x86)\Common Files\Oracle\Java\javapath;E:\Mingw-w64\mingw32\bin;C:\WINDOWS\system32;C:\WINDOWS\System32\Wbem;C:\Program Files (x86)\Microsoft SQL Server\150\Tools\Binn\;C:\Program Files\Microsoft SQL Server\150\Tools\Binn\;C:\Program Files (x86)\Microsoft SQL Server\150\DTS\Binn\;C:\Program Files\Microsoft SQL Server\150\DTS\Binn\;C:\Program Files\Microsoft SQL Server\Client SDK\ODBC\170\Tools\Binn\;C:\Program Files\Azure Data Studio\bin;E:\jar_package\maven\apache-maven-3.6.1\bin;E:\MySQL\Database\MySQL Shell 8.0\bin\;E:\Python\Scripts\;E:\Python\;C:\Users\86182\AppData\Local\Programs\Python\Launcher\;C:\Users\86182\AppData\Local\Microsoft\WindowsApps;;E:\Python\PyCharm Community Edition 2021.2.2\bin;;E:\Python\PyCharm 2021.3.1\bin;;E:\JAVA软件\IntelliJ IDEA 2021.3.1\bin;;E:\CLion\CLion 2021.2.3\bin;;E:\Webstorm\WebStorm 2021.3.3\bin;;C:\Program Files\Azure Data Studio\bin
USERNAME=86182
OS=Windows_NT
PROCESSOR_IDENTIFIER=Intel64 Family 6 Model 165 Stepping 2, GenuineIntel



---------------  S Y S T E M  ---------------

OS: Windows 10 , 64 bit Build 19041 (10.0.19041.2364)

CPU:total 12 (initial active 12) (6 cores per cpu, 2 threads per core) family 6 model 165 stepping 2, cmov, cx8, fxsr, mmx, sse, sse2, sse3, ssse3, sse4.1, sse4.2, popcnt, avx, avx2, aes, clmul, erms, 3dnowpref, lzcnt, ht, tsc, tscinvbit, bmi1, bmi2, adx

Memory: 4k page, physical 16543100k(824416k free), swap 56927708k(4468k free)

vm_info: Java HotSpot(TM) 64-Bit Server VM (25.321-b07) for windows-amd64 JRE (1.8.0_321-b07), built on Dec 15 2021 11:19:20 by "java_re" with MS VC++ 15.9 (VS2017)

time: Wed Feb  8 13:55:16 2023
timezone: 中国标准时间
elapsed time: 30.127809 seconds (0d 0h 0m 30s)

